This file contains any messages produced by compilers while
running configure, to aid debugging if configure makes a mistake.

It was created by onig configure 6.9.0, which was
generated by GNU Autoconf 2.69.  Invocation command line was

  $ ./configure CFLAGS=-fPIC --disable-shared --prefix /home/dwhitfield/DEV/encryption-core/pyjq-2.6.0/dependencies/onig_install

## --------- ##
## Platform. ##
## --------- ##

hostname = darrion-aspires7392
uname -m = x86_64
uname -r = 5.15.76-1-MANJARO
uname -s = Linux
uname -v = #1 SMP PREEMPT Sat Oct 29 14:22:16 UTC 2022

/usr/bin/uname -p = unknown
/bin/uname -X     = unknown

/bin/arch              = unknown
/usr/bin/arch -k       = unknown
/usr/convex/getsysinfo = unknown
/usr/bin/hostinfo      = unknown
/bin/machine           = unknown
/usr/bin/oslevel       = unknown
/bin/universe          = unknown

PATH: /bin
PATH: /sbin
PATH: /usr/bin
PATH: /usr/sbin
PATH: /usr/local/bin
PATH: /usr/local/sbin


## ----------- ##
## Core tests. ##
## ----------- ##

configure:2513: checking for a BSD-compatible install
configure:2581: result: /bin/install -c
configure:2592: checking whether build environment is sane
configure:2647: result: yes
configure:2798: checking for a thread-safe mkdir -p
configure:2837: result: /bin/mkdir -p
configure:2844: checking for gawk
configure:2860: found /bin/gawk
configure:2871: result: gawk
configure:2882: checking whether make sets $(MAKE)
configure:2904: result: yes
configure:2933: checking whether make supports nested variables
configure:2950: result: yes
configure:3172: checking for gcc
configure:3188: found /bin/gcc
configure:3199: result: gcc
configure:3428: checking for C compiler version
configure:3437: gcc --version >&5
gcc (GCC) 12.2.0
Copyright (C) 2022 Free Software Foundation, Inc.
This is free software; see the source for copying conditions.  There is NO
warranty; not even for MERCHANTABILITY or FITNESS FOR A PARTICULAR PURPOSE.

configure:3448: $? = 0
configure:3437: gcc -v >&5
Using built-in specs.
COLLECT_GCC=gcc
COLLECT_LTO_WRAPPER=/usr/lib/gcc/x86_64-pc-linux-gnu/12.2.0/lto-wrapper
Target: x86_64-pc-linux-gnu
Configured with: /build/gcc/src/gcc/configure --enable-languages=c,c++,ada,fortran,go,lto,objc,obj-c++,d --enable-bootstrap --prefix=/usr --libdir=/usr/lib --libexecdir=/usr/lib --mandir=/usr/share/man --infodir=/usr/share/info --with-bugurl=https://bugs.archlinux.org/ --with-build-config=bootstrap-lto --with-linker-hash-style=gnu --with-system-zlib --enable-__cxa_atexit --enable-cet=auto --enable-checking=release --enable-clocale=gnu --enable-default-pie --enable-default-ssp --enable-gnu-indirect-function --enable-gnu-unique-object --enable-libstdcxx-backtrace --enable-link-serialization=1 --enable-linker-build-id --enable-lto --enable-multilib --enable-plugin --enable-shared --enable-threads=posix --disable-libssp --disable-libstdcxx-pch --disable-werror
Thread model: posix
Supported LTO compression algorithms: zlib zstd
gcc version 12.2.0 (GCC) 
configure:3448: $? = 0
configure:3437: gcc -V >&5
gcc: error: unrecognized command-line option '-V'
gcc: fatal error: no input files
compilation terminated.
configure:3448: $? = 1
configure:3437: gcc -qversion >&5
gcc: error: unrecognized command-line option '-qversion'; did you mean '--version'?
gcc: fatal error: no input files
compilation terminated.
configure:3448: $? = 1
configure:3468: checking whether the C compiler works
configure:3490: gcc -fPIC   conftest.c  >&5
configure:3494: $? = 0
configure:3542: result: yes
configure:3545: checking for C compiler default output file name
configure:3547: result: a.out
configure:3553: checking for suffix of executables
configure:3560: gcc -o conftest -fPIC   conftest.c  >&5
configure:3564: $? = 0
configure:3586: result: 
configure:3608: checking whether we are cross compiling
configure:3616: gcc -o conftest -fPIC   conftest.c  >&5
configure:3620: $? = 0
configure:3627: ./conftest
configure:3631: $? = 0
configure:3646: result: no
configure:3651: checking for suffix of object files
configure:3673: gcc -c -fPIC  conftest.c >&5
configure:3677: $? = 0
configure:3698: result: o
configure:3702: checking whether we are using the GNU C compiler
configure:3721: gcc -c -fPIC  conftest.c >&5
configure:3721: $? = 0
configure:3730: result: yes
configure:3739: checking whether gcc accepts -g
configure:3759: gcc -c -g  conftest.c >&5
configure:3759: $? = 0
configure:3800: result: yes
configure:3817: checking for gcc option to accept ISO C89
configure:3880: gcc  -c -fPIC  conftest.c >&5
configure:3880: $? = 0
configure:3893: result: none needed
configure:3918: checking whether gcc understands -c and -o together
configure:3940: gcc -c conftest.c -o conftest2.o
configure:3943: $? = 0
configure:3940: gcc -c conftest.c -o conftest2.o
configure:3943: $? = 0
configure:3955: result: yes
configure:3983: checking for style of include used by make
configure:4011: result: GNU
configure:4037: checking dependency style of gcc
configure:4148: result: gcc3
configure:4192: checking build system type
configure:4206: result: x86_64-pc-linux-gnu
configure:4226: checking host system type
configure:4239: result: x86_64-pc-linux-gnu
configure:4280: checking how to print strings
configure:4307: result: printf
configure:4328: checking for a sed that does not truncate output
configure:4392: result: /bin/sed
configure:4410: checking for grep that handles long lines and -e
configure:4468: result: /bin/grep
configure:4473: checking for egrep
configure:4535: result: /bin/grep -E
configure:4540: checking for fgrep
configure:4602: result: /bin/grep -F
configure:4637: checking for ld used by gcc
configure:4704: result: /bin/ld
configure:4711: checking if the linker (/bin/ld) is GNU ld
configure:4726: result: yes
configure:4738: checking for BSD- or MS-compatible name lister (nm)
configure:4792: result: /bin/nm -B
configure:4922: checking the name lister (/bin/nm -B) interface
configure:4929: gcc -c -fPIC  conftest.c >&5
configure:4932: /bin/nm -B "conftest.o"
configure:4935: output
0000000000000000 B some_variable
configure:4942: result: BSD nm
configure:4945: checking whether ln -s works
configure:4949: result: yes
configure:4957: checking the maximum length of command line arguments
configure:5088: result: 1572864
configure:5136: checking how to convert x86_64-pc-linux-gnu file names to x86_64-pc-linux-gnu format
configure:5176: result: func_convert_file_noop
configure:5183: checking how to convert x86_64-pc-linux-gnu file names to toolchain format
configure:5203: result: func_convert_file_noop
configure:5210: checking for /bin/ld option to reload object files
configure:5217: result: -r
configure:5291: checking for objdump
configure:5307: found /bin/objdump
configure:5318: result: objdump
configure:5350: checking how to recognize dependent libraries
configure:5550: result: pass_all
configure:5635: checking for dlltool
configure:5665: result: no
configure:5695: checking how to associate runtime and link libraries
configure:5722: result: printf %s\n
configure:5783: checking for ar
configure:5799: found /bin/ar
configure:5810: result: ar
configure:5847: checking for archiver @FILE support
configure:5864: gcc -c -fPIC  conftest.c >&5
configure:5864: $? = 0
configure:5867: ar cru libconftest.a @conftest.lst >&5
ar: `u' modifier ignored since `D' is the default (see `U')
configure:5870: $? = 0
configure:5875: ar cru libconftest.a @conftest.lst >&5
ar: `u' modifier ignored since `D' is the default (see `U')
ar: conftest.o: No such file or directory
configure:5878: $? = 1
configure:5890: result: @
configure:5948: checking for strip
configure:5964: found /bin/strip
configure:5975: result: strip
configure:6047: checking for ranlib
configure:6063: found /bin/ranlib
configure:6074: result: ranlib
configure:6176: checking command to parse /bin/nm -B output from gcc object
configure:6329: gcc -c -fPIC  conftest.c >&5
configure:6332: $? = 0
configure:6336: /bin/nm -B conftest.o \| sed -n -e 's/^.*[ ]\([ABCDGIRSTW][ABCDGIRSTW]*\)[ ][ ]*\([_A-Za-z][_A-Za-z0-9]*\)$/\1 \2 \2/p' | sed '/ __gnu_lto/d' \> conftest.nm
configure:6339: $? = 0
configure:6405: gcc -o conftest -fPIC   conftest.c conftstm.o >&5
configure:6408: $? = 0
configure:6446: result: ok
configure:6493: checking for sysroot
configure:6523: result: no
configure:6530: checking for a working dd
configure:6568: result: /bin/dd
configure:6572: checking how to truncate binary pipes
configure:6587: result: /bin/dd bs=4096 count=1
configure:6723: gcc -c -fPIC  conftest.c >&5
configure:6726: $? = 0
configure:6916: checking for mt
configure:6946: result: no
configure:6966: checking if : is a manifest tool
configure:6972: : '-?'
configure:6980: result: no
configure:7657: checking how to run the C preprocessor
configure:7688: gcc -E  conftest.c
configure:7688: $? = 0
configure:7702: gcc -E  conftest.c
conftest.c:11:10: fatal error: ac_nonexistent.h: No such file or directory
   11 | #include <ac_nonexistent.h>
      |          ^~~~~~~~~~~~~~~~~~
compilation terminated.
configure:7702: $? = 1
configure: failed program was:
| /* confdefs.h */
| #define PACKAGE_NAME "onig"
| #define PACKAGE_TARNAME "onig"
| #define PACKAGE_VERSION "6.9.0"
| #define PACKAGE_STRING "onig 6.9.0"
| #define PACKAGE_BUGREPORT ""
| #define PACKAGE_URL ""
| #define PACKAGE "onig"
| #define VERSION "6.9.0"
| /* end confdefs.h.  */
| #include <ac_nonexistent.h>
configure:7727: result: gcc -E
configure:7747: gcc -E  conftest.c
configure:7747: $? = 0
configure:7761: gcc -E  conftest.c
conftest.c:11:10: fatal error: ac_nonexistent.h: No such file or directory
   11 | #include <ac_nonexistent.h>
      |          ^~~~~~~~~~~~~~~~~~
compilation terminated.
configure:7761: $? = 1
configure: failed program was:
| /* confdefs.h */
| #define PACKAGE_NAME "onig"
| #define PACKAGE_TARNAME "onig"
| #define PACKAGE_VERSION "6.9.0"
| #define PACKAGE_STRING "onig 6.9.0"
| #define PACKAGE_BUGREPORT ""
| #define PACKAGE_URL ""
| #define PACKAGE "onig"
| #define VERSION "6.9.0"
| /* end confdefs.h.  */
| #include <ac_nonexistent.h>
configure:7790: checking for ANSI C header files
configure:7810: gcc -c -fPIC  conftest.c >&5
configure:7810: $? = 0
configure:7883: gcc -o conftest -fPIC   conftest.c  >&5
configure:7883: $? = 0
configure:7883: ./conftest
configure:7883: $? = 0
configure:7894: result: yes
configure:7907: checking for sys/types.h
configure:7907: gcc -c -fPIC  conftest.c >&5
configure:7907: $? = 0
configure:7907: result: yes
configure:7907: checking for sys/stat.h
configure:7907: gcc -c -fPIC  conftest.c >&5
configure:7907: $? = 0
configure:7907: result: yes
configure:7907: checking for stdlib.h
configure:7907: gcc -c -fPIC  conftest.c >&5
configure:7907: $? = 0
configure:7907: result: yes
configure:7907: checking for string.h
configure:7907: gcc -c -fPIC  conftest.c >&5
configure:7907: $? = 0
configure:7907: result: yes
configure:7907: checking for memory.h
configure:7907: gcc -c -fPIC  conftest.c >&5
configure:7907: $? = 0
configure:7907: result: yes
configure:7907: checking for strings.h
configure:7907: gcc -c -fPIC  conftest.c >&5
configure:7907: $? = 0
configure:7907: result: yes
configure:7907: checking for inttypes.h
configure:7907: gcc -c -fPIC  conftest.c >&5
configure:7907: $? = 0
configure:7907: result: yes
configure:7907: checking for stdint.h
configure:7907: gcc -c -fPIC  conftest.c >&5
configure:7907: $? = 0
configure:7907: result: yes
configure:7907: checking for unistd.h
configure:7907: gcc -c -fPIC  conftest.c >&5
configure:7907: $? = 0
configure:7907: result: yes
configure:7921: checking for dlfcn.h
configure:7921: gcc -c -fPIC  conftest.c >&5
configure:7921: $? = 0
configure:7921: result: yes
configure:8177: checking for objdir
configure:8192: result: .libs
configure:8456: checking if gcc supports -fno-rtti -fno-exceptions
configure:8474: gcc -c -fPIC  -fno-rtti -fno-exceptions conftest.c >&5
cc1: warning: command-line option '-fno-rtti' is valid for C++/D/ObjC++ but not for C
configure:8478: $? = 0
configure:8491: result: no
configure:8849: checking for gcc option to produce PIC
configure:8856: result: -fPIC -DPIC
configure:8864: checking if gcc PIC flag -fPIC -DPIC works
configure:8882: gcc -c -fPIC  -fPIC -DPIC -DPIC conftest.c >&5
configure:8886: $? = 0
configure:8899: result: yes
configure:8928: checking if gcc static flag -static works
configure:8956: result: yes
configure:8971: checking if gcc supports -c -o file.o
configure:8992: gcc -c -fPIC  -o out/conftest2.o conftest.c >&5
configure:8996: $? = 0
configure:9018: result: yes
configure:9026: checking if gcc supports -c -o file.o
configure:9073: result: yes
configure:9106: checking whether the gcc linker (/bin/ld -m elf_x86_64) supports shared libraries
configure:10369: result: yes
configure:10609: checking dynamic linker characteristics
configure:11190: gcc -o conftest -fPIC   -Wl,-rpath -Wl,/foo conftest.c  >&5
configure:11190: $? = 0
configure:11439: result: GNU/Linux ld.so
configure:11561: checking how to hardcode library paths into programs
configure:11586: result: immediate
configure:12134: checking whether stripping libraries is possible
configure:12139: result: yes
configure:12174: checking if libtool supports shared libraries
configure:12176: result: yes
configure:12179: checking whether to build shared libraries
configure:12204: result: no
configure:12207: checking whether to build static libraries
configure:12211: result: yes
configure:12252: checking whether make sets $(MAKE)
configure:12274: result: yes
configure:12285: checking for ANSI C header files
configure:12389: result: yes
configure:12400: checking for stdlib.h
configure:12400: result: yes
configure:12400: checking for string.h
configure:12400: result: yes
configure:12400: checking for strings.h
configure:12400: result: yes
configure:12400: checking limits.h usability
configure:12400: gcc -c -fPIC  conftest.c >&5
configure:12400: $? = 0
configure:12400: result: yes
configure:12400: checking limits.h presence
configure:12400: gcc -E  conftest.c
configure:12400: $? = 0
configure:12400: result: yes
configure:12400: checking for limits.h
configure:12400: result: yes
configure:12400: checking sys/time.h usability
configure:12400: gcc -c -fPIC  conftest.c >&5
configure:12400: $? = 0
configure:12400: result: yes
configure:12400: checking sys/time.h presence
configure:12400: gcc -E  conftest.c
configure:12400: $? = 0
configure:12400: result: yes
configure:12400: checking for sys/time.h
configure:12400: result: yes
configure:12400: checking for unistd.h
configure:12400: result: yes
configure:12400: checking sys/times.h usability
configure:12400: gcc -c -fPIC  conftest.c >&5
configure:12400: $? = 0
configure:12400: result: yes
configure:12400: checking sys/times.h presence
configure:12400: gcc -E  conftest.c
configure:12400: $? = 0
configure:12400: result: yes
configure:12400: checking for sys/times.h
configure:12400: result: yes
configure:12415: checking size of int
configure:12420: gcc -o conftest -fPIC   conftest.c  >&5
configure:12420: $? = 0
configure:12420: ./conftest
configure:12420: $? = 0
configure:12434: result: 4
configure:12448: checking size of short
configure:12453: gcc -o conftest -fPIC   conftest.c  >&5
configure:12453: $? = 0
configure:12453: ./conftest
configure:12453: $? = 0
configure:12467: result: 2
configure:12481: checking size of long
configure:12486: gcc -o conftest -fPIC   conftest.c  >&5
configure:12486: $? = 0
configure:12486: ./conftest
configure:12486: $? = 0
configure:12500: result: 8
configure:12510: checking for an ANSI C-conforming const
configure:12576: gcc -c -fPIC  conftest.c >&5
configure:12576: $? = 0
configure:12583: result: yes
configure:12591: checking whether time.h and sys/time.h may both be included
configure:12611: gcc -c -fPIC  conftest.c >&5
configure:12611: $? = 0
configure:12618: result: yes
configure:12627: checking for size_t
configure:12627: gcc -c -fPIC  conftest.c >&5
configure:12627: $? = 0
configure:12627: gcc -c -fPIC  conftest.c >&5
conftest.c: In function 'main':
conftest.c:71:21: error: expected expression before ')' token
   71 | if (sizeof ((size_t)))
      |                     ^
configure:12627: $? = 1
configure: failed program was:
| /* confdefs.h */
| #define PACKAGE_NAME "onig"
| #define PACKAGE_TARNAME "onig"
| #define PACKAGE_VERSION "6.9.0"
| #define PACKAGE_STRING "onig 6.9.0"
| #define PACKAGE_BUGREPORT ""
| #define PACKAGE_URL ""
| #define PACKAGE "onig"
| #define VERSION "6.9.0"
| #define STDC_HEADERS 1
| #define HAVE_SYS_TYPES_H 1
| #define HAVE_SYS_STAT_H 1
| #define HAVE_STDLIB_H 1
| #define HAVE_STRING_H 1
| #define HAVE_MEMORY_H 1
| #define HAVE_STRINGS_H 1
| #define HAVE_INTTYPES_H 1
| #define HAVE_STDINT_H 1
| #define HAVE_UNISTD_H 1
| #define HAVE_DLFCN_H 1
| #define LT_OBJDIR ".libs/"
| #define STDC_HEADERS 1
| #define HAVE_STDLIB_H 1
| #define HAVE_STRING_H 1
| #define HAVE_STRINGS_H 1
| #define HAVE_LIMITS_H 1
| #define HAVE_SYS_TIME_H 1
| #define HAVE_UNISTD_H 1
| #define HAVE_SYS_TIMES_H 1
| #define SIZEOF_INT 4
| #define SIZEOF_SHORT 2
| #define SIZEOF_LONG 8
| #define TIME_WITH_SYS_TIME 1
| /* end confdefs.h.  */
| #include <stdio.h>
| #ifdef HAVE_SYS_TYPES_H
| # include <sys/types.h>
| #endif
| #ifdef HAVE_SYS_STAT_H
| # include <sys/stat.h>
| #endif
| #ifdef STDC_HEADERS
| # include <stdlib.h>
| # include <stddef.h>
| #else
| # ifdef HAVE_STDLIB_H
| #  include <stdlib.h>
| # endif
| #endif
| #ifdef HAVE_STRING_H
| # if !defined STDC_HEADERS && defined HAVE_MEMORY_H
| #  include <memory.h>
| # endif
| # include <string.h>
| #endif
| #ifdef HAVE_STRINGS_H
| # include <strings.h>
| #endif
| #ifdef HAVE_INTTYPES_H
| # include <inttypes.h>
| #endif
| #ifdef HAVE_STDINT_H
| # include <stdint.h>
| #endif
| #ifdef HAVE_UNISTD_H
| # include <unistd.h>
| #endif
| int
| main ()
| {
| if (sizeof ((size_t)))
| 	    return 0;
|   ;
|   return 0;
| }
configure:12627: result: yes
configure:12640: checking for working alloca.h
configure:12657: gcc -o conftest -fPIC   conftest.c  >&5
configure:12657: $? = 0
configure:12665: result: yes
configure:12673: checking for alloca
configure:12710: gcc -o conftest -fPIC   conftest.c  >&5
configure:12710: $? = 0
configure:12718: result: yes
configure:12824: checking for working memcmp
configure:12867: gcc -o conftest -fPIC   conftest.c  >&5
configure:12867: $? = 0
configure:12867: ./conftest
configure:12867: $? = 0
configure:12877: result: yes
configure:12887: checking for prototypes
configure:12903: gcc -c -fPIC  conftest.c >&5
configure:12903: $? = 0
configure:12910: result: yes
configure:12918: checking for variable length prototypes and stdarg.h
configure:12944: gcc -c -fPIC  conftest.c >&5
configure:12944: $? = 0
configure:12951: result: yes
configure:13065: checking that generated files are newer than configure
configure:13071: result: done
configure:13098: creating ./config.status

## ---------------------- ##
## Running config.status. ##
## ---------------------- ##

This file was extended by onig config.status 6.9.0, which was
generated by GNU Autoconf 2.69.  Invocation command line was

  CONFIG_FILES    = 
  CONFIG_HEADERS  = 
  CONFIG_LINKS    = 
  CONFIG_COMMANDS = 
  $ ./config.status 

on darrion-aspires7392

config.status:1110: creating Makefile
config.status:1110: creating src/Makefile
config.status:1110: creating test/Makefile
config.status:1110: creating sample/Makefile
config.status:1110: creating onig-config
config.status:1110: creating src/config.h
config.status:1339: executing depfiles commands
config.status:1339: executing libtool commands
config.status:1339: executing default commands

## ---------------- ##
## Cache variables. ##
## ---------------- ##

_cv_have_prototypes=yes
_cv_stdarg=yes
ac_cv_build=x86_64-pc-linux-gnu
ac_cv_c_compiler_gnu=yes
ac_cv_c_const=yes
ac_cv_env_CC_set=
ac_cv_env_CC_value=
ac_cv_env_CFLAGS_set=set
ac_cv_env_CFLAGS_value=-fPIC
ac_cv_env_CPPFLAGS_set=
ac_cv_env_CPPFLAGS_value=
ac_cv_env_CPP_set=
ac_cv_env_CPP_value=
ac_cv_env_LDFLAGS_set=
ac_cv_env_LDFLAGS_value=
ac_cv_env_LIBS_set=
ac_cv_env_LIBS_value=
ac_cv_env_LT_SYS_LIBRARY_PATH_set=
ac_cv_env_LT_SYS_LIBRARY_PATH_value=
ac_cv_env_build_alias_set=
ac_cv_env_build_alias_value=
ac_cv_env_host_alias_set=
ac_cv_env_host_alias_value=
ac_cv_env_target_alias_set=
ac_cv_env_target_alias_value=
ac_cv_func_alloca_works=yes
ac_cv_func_memcmp_working=yes
ac_cv_header_dlfcn_h=yes
ac_cv_header_inttypes_h=yes
ac_cv_header_limits_h=yes
ac_cv_header_memory_h=yes
ac_cv_header_stdc=yes
ac_cv_header_stdint_h=yes
ac_cv_header_stdlib_h=yes
ac_cv_header_string_h=yes
ac_cv_header_strings_h=yes
ac_cv_header_sys_stat_h=yes
ac_cv_header_sys_time_h=yes
ac_cv_header_sys_times_h=yes
ac_cv_header_sys_types_h=yes
ac_cv_header_time=yes
ac_cv_header_unistd_h=yes
ac_cv_host=x86_64-pc-linux-gnu
ac_cv_objext=o
ac_cv_path_EGREP='/bin/grep -E'
ac_cv_path_FGREP='/bin/grep -F'
ac_cv_path_GREP=/bin/grep
ac_cv_path_SED=/bin/sed
ac_cv_path_install='/bin/install -c'
ac_cv_path_lt_DD=/bin/dd
ac_cv_path_mkdir=/bin/mkdir
ac_cv_prog_AWK=gawk
ac_cv_prog_CPP='gcc -E'
ac_cv_prog_ac_ct_AR=ar
ac_cv_prog_ac_ct_CC=gcc
ac_cv_prog_ac_ct_OBJDUMP=objdump
ac_cv_prog_ac_ct_RANLIB=ranlib
ac_cv_prog_ac_ct_STRIP=strip
ac_cv_prog_cc_c89=
ac_cv_prog_cc_g=yes
ac_cv_prog_make_make_set=yes
ac_cv_sizeof_int=4
ac_cv_sizeof_long=8
ac_cv_sizeof_short=2
ac_cv_type_size_t=yes
ac_cv_working_alloca_h=yes
am_cv_CC_dependencies_compiler_type=gcc3
am_cv_make_support_nested_variables=yes
am_cv_prog_cc_c_o=yes
lt_cv_ar_at_file=@
lt_cv_deplibs_check_method=pass_all
lt_cv_file_magic_cmd='$MAGIC_CMD'
lt_cv_file_magic_test_file=
lt_cv_ld_reload_flag=-r
lt_cv_nm_interface='BSD nm'
lt_cv_objdir=.libs
lt_cv_path_LD=/bin/ld
lt_cv_path_NM='/bin/nm -B'
lt_cv_path_mainfest_tool=no
lt_cv_prog_compiler_c_o=yes
lt_cv_prog_compiler_pic='-fPIC -DPIC'
lt_cv_prog_compiler_pic_works=yes
lt_cv_prog_compiler_rtti_exceptions=no
lt_cv_prog_compiler_static_works=yes
lt_cv_prog_gnu_ld=yes
lt_cv_sharedlib_from_linklib_cmd='printf %s\n'
lt_cv_shlibpath_overrides_runpath=no
lt_cv_sys_global_symbol_pipe='sed -n -e '\''s/^.*[	 ]\([ABCDGIRSTW][ABCDGIRSTW]*\)[	 ][	 ]*\([_A-Za-z][_A-Za-z0-9]*\)$/\1 \2 \2/p'\'' | sed '\''/ __gnu_lto/d'\'''
lt_cv_sys_global_symbol_to_c_name_address='sed -n -e '\''s/^: \(.*\) .*$/  {"\1", (void *) 0},/p'\'' -e '\''s/^[ABCDGIRSTW][ABCDGIRSTW]* .* \(.*\)$/  {"\1", (void *) \&\1},/p'\'''
lt_cv_sys_global_symbol_to_c_name_address_lib_prefix='sed -n -e '\''s/^: \(.*\) .*$/  {"\1", (void *) 0},/p'\'' -e '\''s/^[ABCDGIRSTW][ABCDGIRSTW]* .* \(lib.*\)$/  {"\1", (void *) \&\1},/p'\'' -e '\''s/^[ABCDGIRSTW][ABCDGIRSTW]* .* \(.*\)$/  {"lib\1", (void *) \&\1},/p'\'''
lt_cv_sys_global_symbol_to_cdecl='sed -n -e '\''s/^T .* \(.*\)$/extern int \1();/p'\'' -e '\''s/^[ABCDGIRSTW][ABCDGIRSTW]* .* \(.*\)$/extern char \1;/p'\'''
lt_cv_sys_global_symbol_to_import=
lt_cv_sys_max_cmd_len=1572864
lt_cv_to_host_file_cmd=func_convert_file_noop
lt_cv_to_tool_file_cmd=func_convert_file_noop
lt_cv_truncate_bin='/bin/dd bs=4096 count=1'

## ----------------- ##
## Output variables. ##
## ----------------- ##

ACLOCAL='${SHELL} /home/dwhitfield/DEV/encryption-core/pyjq-2.6.0/dependencies/onig-6.9.0/missing aclocal-1.15'
ALLOCA=''
AMDEPBACKSLASH='\'
AMDEP_FALSE='#'
AMDEP_TRUE=''
AMTAR='$${TAR-tar}'
AM_BACKSLASH='\'
AM_DEFAULT_V='$(AM_DEFAULT_VERBOSITY)'
AM_DEFAULT_VERBOSITY='1'
AM_V='$(V)'
AR='ar'
AUTOCONF='${SHELL} /home/dwhitfield/DEV/encryption-core/pyjq-2.6.0/dependencies/onig-6.9.0/missing autoconf'
AUTOHEADER='${SHELL} /home/dwhitfield/DEV/encryption-core/pyjq-2.6.0/dependencies/onig-6.9.0/missing autoheader'
AUTOMAKE='${SHELL} /home/dwhitfield/DEV/encryption-core/pyjq-2.6.0/dependencies/onig-6.9.0/missing automake-1.15'
AWK='gawk'
CC='gcc'
CCDEPMODE='depmode=gcc3'
CFLAGS='-fPIC'
CPP='gcc -E'
CPPFLAGS=''
CYGPATH_W='echo'
DEFS='-DHAVE_CONFIG_H'
DEPDIR='.deps'
DLLTOOL='false'
DSYMUTIL=''
DUMPBIN=''
ECHO_C=''
ECHO_N='-n'
ECHO_T=''
EGREP='/bin/grep -E'
ENABLE_POSIX_API_FALSE='#'
ENABLE_POSIX_API_TRUE=''
EXEEXT=''
FGREP='/bin/grep -F'
GREP='/bin/grep'
INSTALL_DATA='${INSTALL} -m 644'
INSTALL_PROGRAM='${INSTALL}'
INSTALL_SCRIPT='${INSTALL}'
INSTALL_STRIP_PROGRAM='$(install_sh) -c -s'
LD='/bin/ld -m elf_x86_64'
LDFLAGS=''
LIBOBJS=''
LIBS=''
LIBTOOL='$(SHELL) $(top_builddir)/libtool'
LIPO=''
LN_S='ln -s'
LTLIBOBJS=''
LTVERSION='5:0:0'
LT_SYS_LIBRARY_PATH=''
MAKEINFO='${SHELL} /home/dwhitfield/DEV/encryption-core/pyjq-2.6.0/dependencies/onig-6.9.0/missing makeinfo'
MANIFEST_TOOL=':'
MKDIR_P='/bin/mkdir -p'
NM='/bin/nm -B'
NMEDIT=''
OBJDUMP='objdump'
OBJEXT='o'
OTOOL64=''
OTOOL=''
PACKAGE='onig'
PACKAGE_BUGREPORT=''
PACKAGE_NAME='onig'
PACKAGE_STRING='onig 6.9.0'
PACKAGE_TARNAME='onig'
PACKAGE_URL=''
PACKAGE_VERSION='6.9.0'
PATH_SEPARATOR=':'
RANLIB='ranlib'
SED='/bin/sed'
SET_MAKE=''
SHELL='/bin/sh'
STATISTICS=''
STRIP='strip'
VERSION='6.9.0'
ac_ct_AR='ar'
ac_ct_CC='gcc'
ac_ct_DUMPBIN=''
am__EXEEXT_FALSE=''
am__EXEEXT_TRUE='#'
am__fastdepCC_FALSE='#'
am__fastdepCC_TRUE=''
am__include='include'
am__isrc=''
am__leading_dot='.'
am__nodep='_no'
am__quote=''
am__tar='$${TAR-tar} chof - "$$tardir"'
am__untar='$${TAR-tar} xf -'
bindir='${exec_prefix}/bin'
build='x86_64-pc-linux-gnu'
build_alias=''
build_cpu='x86_64'
build_os='linux-gnu'
build_vendor='pc'
datadir='${datarootdir}'
datarootdir='${prefix}/share'
docdir='${datarootdir}/doc/${PACKAGE_TARNAME}'
dvidir='${docdir}'
exec_prefix='${prefix}'
host='x86_64-pc-linux-gnu'
host_alias=''
host_cpu='x86_64'
host_os='linux-gnu'
host_vendor='pc'
htmldir='${docdir}'
includedir='${prefix}/include'
infodir='${datarootdir}/info'
install_sh='${SHELL} /home/dwhitfield/DEV/encryption-core/pyjq-2.6.0/dependencies/onig-6.9.0/install-sh'
libdir='${exec_prefix}/lib'
libexecdir='${exec_prefix}/libexec'
localedir='${datarootdir}/locale'
localstatedir='${prefix}/var'
mandir='${datarootdir}/man'
mkdir_p='$(MKDIR_P)'
oldincludedir='/usr/include'
pdfdir='${docdir}'
prefix='/home/dwhitfield/DEV/encryption-core/pyjq-2.6.0/dependencies/onig_install'
program_transform_name='s,x,x,'
psdir='${docdir}'
runstatedir='${localstatedir}/run'
sbindir='${exec_prefix}/sbin'
sharedstatedir='${prefix}/com'
sysconfdir='${prefix}/etc'
target_alias=''

## ----------- ##
## confdefs.h. ##
## ----------- ##

/* confdefs.h */
#define PACKAGE_NAME "onig"
#define PACKAGE_TARNAME "onig"
#define PACKAGE_VERSION "6.9.0"
#define PACKAGE_STRING "onig 6.9.0"
#define PACKAGE_BUGREPORT ""
#define PACKAGE_URL ""
#define PACKAGE "onig"
#define VERSION "6.9.0"
#define STDC_HEADERS 1
#define HAVE_SYS_TYPES_H 1
#define HAVE_SYS_STAT_H 1
#define HAVE_STDLIB_H 1
#define HAVE_STRING_H 1
#define HAVE_MEMORY_H 1
#define HAVE_STRINGS_H 1
#define HAVE_INTTYPES_H 1
#define HAVE_STDINT_H 1
#define HAVE_UNISTD_H 1
#define HAVE_DLFCN_H 1
#define LT_OBJDIR ".libs/"
#define STDC_HEADERS 1
#define HAVE_STDLIB_H 1
#define HAVE_STRING_H 1
#define HAVE_STRINGS_H 1
#define HAVE_LIMITS_H 1
#define HAVE_SYS_TIME_H 1
#define HAVE_UNISTD_H 1
#define HAVE_SYS_TIMES_H 1
#define SIZEOF_INT 4
#define SIZEOF_SHORT 2
#define SIZEOF_LONG 8
#define TIME_WITH_SYS_TIME 1
#define HAVE_ALLOCA_H 1
#define HAVE_ALLOCA 1
#define HAVE_PROTOTYPES 1
#define HAVE_STDARG_PROTOTYPES 1

configure: exit 0
